生成启动时间为 2014/8/6 10:40:52。
     1>项目“E:\cocos2dx\Bacterial2\code\proj.win32\Bacterial2.vcxproj”在节点 2 上(Build 个目标)。
     1>ClCompile:
         D:\Program Files\Microsoft Visual Studio 11.0\VC\bin\CL.exe /c /IE:\cocos2dx\Bacterial2\code\cocos2d\cocos\2d\..\..\cocos\audio\include /IE:\cocos2dx\Bacterial2\code\cocos2d\cocos\2d\..\..\external /IE:\cocos2dx\Bacterial2\code\cocos2d\cocos\2d\..\..\external\chipmunk\include\chipmunk /IE:\cocos2dx\Bacterial2\code\cocos2d\cocos\2d\..\..\extensions /I"E:\cocos2dx\Bacterial2\code\cocos2d\cocos\2d\..\..\cocos\editor-support\\" /I"E:\cocos2dx\Bacterial2\code\cocos2d\cocos\2d\..\..\cocos\editor-support\cocostudio" /I..\Classes /I.. /IE:\cocos2dx\Bacterial2\code\cocos2d\cocos\2d\..\..\cocos /IE:\cocos2dx\Bacterial2\code\cocos2d\cocos\2d\..\..\cocos\platform\win32 /IE:\cocos2dx\Bacterial2\code\cocos2d\cocos\2d\..\..\cocos\platform\desktop /IE:\cocos2dx\Bacterial2\code\cocos2d\cocos\2d\..\..\external\glfw3\include\win32 /I"E:\cocos2dx\Bacterial2\code\cocos2d\cocos\2d\..\..\external\win32-specific\gles\include\OGLES" /ZI /nologo /W3 /WX- /MP /Od /Oy- /D WIN32 /D _DEBUG /D _WINDOWS /D _USE_MATH_DEFINES /D GL_GLEXT_PROTOTYPES /D CC_ENABLE_CHIPMUNK_INTEGRATION=1 /D COCOS2D_DEBUG=1 /D _CRT_SECURE_NO_WARNINGS /D _SCL_SECURE_NO_WARNINGS /D _VARIADIC_MAX=10 /D _UNICODE /D UNICODE /Gm- /EHsc /RTC1 /MDd /GS /fp:precise /Zc:wchar_t /Zc:forScope /Fo"Debug.win32\\" /Fd"Debug.win32\vc110.pdb" /Gd /TP /wd4267 /wd4251 /wd4244 /analyze- /errorReport:prompt ..\Classes\HelloWorldScene.cpp
         HelloWorldScene.cpp
     1>e:\cocos2dx\bacterial2\code\cocos2d\cocos\base\ccutils.h : warning C4819: 该文件包含不能在当前代码页(936)中表示的字符。请将该文件保存为 Unicode 格式以防止数据丢失
     1>e:\cocos2dx\bacterial2\code\classes\helloworldscene.cpp(15): warning C4996: 'cocos2d::CCNode': 被声明为已否决
                 e:\cocos2dx\bacterial2\code\cocos2d\cocos\deprecated\ccdeprecated.h(565) : 参见“cocos2d::CCNode”的声明
                 e:\cocos2dx\bacterial2\code\cocos2d\cocos\deprecated\ccdeprecated.h(565) : 参见“cocos2d::CCNode”的声明
     1>e:\cocos2dx\bacterial2\code\classes\helloworldscene.cpp(61): warning C4996: 'cocos2d::LabelTTF::create': 被声明为已否决
                 e:\cocos2dx\bacterial2\code\cocos2d\cocos\2d\cclabelttf.h(75) : 参见“cocos2d::LabelTTF::create”的声明
     1>e:\cocos2dx\bacterial2\code\classes\helloworldscene.cpp(65): warning C4996: 'cocos2d::LabelTTF::getContentSize': 被声明为已否决
                 e:\cocos2dx\bacterial2\code\cocos2d\cocos\2d\cclabelttf.h(154) : 参见“cocos2d::LabelTTF::getContentSize”的声明
                 e:\cocos2dx\bacterial2\code\cocos2d\cocos\2d\cclabelttf.h(154) : 参见“cocos2d::LabelTTF::getContentSize”的声明
       PreLinkEvent:
         if not exist "E:\cocos2dx\Bacterial2\code\proj.win32\Debug.win32\" mkdir "E:\cocos2dx\Bacterial2\code\proj.win32\Debug.win32\"
         xcopy /Y /Q "E:\cocos2dx\Bacterial2\code\cocos2d\cocos\2d\..\..\external\websockets\prebuilt\win32\*.*" "E:\cocos2dx\Bacterial2\code\proj.win32\Debug.win32\"
         :VCEnd
         复制了 2 个文件
       Link:
         D:\Program Files\Microsoft Visual Studio 11.0\VC\bin\link.exe /ERRORREPORT:PROMPT /OUT:"E:\cocos2dx\Bacterial2\code\proj.win32\Debug.win32\Bacterial2.exe" /INCREMENTAL /NOLOGO /LIBPATH:E:\cocos2dx\Bacterial2\code\proj.win32\Debug.win32\ /LIBPATH:E:\cocos2dx\Bacterial2\code\proj.win32\Debug.win32\ opengl32.lib glew32.lib libzlib.lib libpng.lib libjpeg.lib libtiff.lib libwebp.lib libiconv.lib glfw3.lib freetype250.lib winmm.lib ws2_32.lib kernel32.lib user32.lib gdi32.lib winspool.lib comdlg32.lib advapi32.lib shell32.lib ole32.lib oleaut32.lib uuid.lib odbc32.lib odbccp32.lib /MANIFEST /MANIFESTUAC:"level='asInvoker' uiAccess='false'" /manifest:embed /DEBUG /PDB:"E:\cocos2dx\Bacterial2\code\proj.win32\Debug.win32\Bacterial2.pdb" /SUBSYSTEM:WINDOWS /TLBID:1 /DYNAMICBASE /NXCOMPAT /IMPLIB:"E:\cocos2dx\Bacterial2\code\proj.win32\Debug.win32\Bacterial2.lib" /MACHINE:X86 /SAFESEH Debug.win32\game.res
         Debug.win32\AppDelegate.obj
         Debug.win32\HelloWorldScene.obj
         Debug.win32\main.obj
         E:\cocos2dx\Bacterial2\code\proj.win32\Debug.win32\libCocosStudio.lib
         E:\cocos2dx\Bacterial2\code\proj.win32\Debug.win32\libGUI.lib
         E:\cocos2dx\Bacterial2\code\proj.win32\Debug.win32\libExtensions.lib
         E:\cocos2dx\Bacterial2\code\proj.win32\Debug.win32\libcocos2d.lib
         E:\cocos2dx\Bacterial2\code\proj.win32\Debug.win32\libAudio.lib
         E:\cocos2dx\Bacterial2\code\proj.win32\Debug.win32\libchipmunk.lib
         Bacterial2.vcxproj -> E:\cocos2dx\Bacterial2\code\proj.win32\Debug.win32\Bacterial2.exe
     1>已完成生成项目“E:\cocos2dx\Bacterial2\code\proj.win32\Bacterial2.vcxproj”(Build 个目标)的操作。

生成成功。

已用时间 00:00:11.11
